0 info it worked if it ends with ok
1 verbose cli [ '/Users/GregDriza/.nvm/versions/node/v6.11.2/bin/node',
1 verbose cli   '/Users/GregDriza/.nvm/versions/node/v6.11.2/bin/npm',
1 verbose cli   'start' ]
2 info using npm@3.10.10
3 info using node@v6.11.2
4 verbose run-script [ 'prestart', 'start', 'poststart' ]
5 info lifecycle @~prestart: @
6 silly lifecycle @~prestart: no script for prestart, continuing
7 info lifecycle @~start: @
8 verbose lifecycle @~start: unsafe-perm in lifecycle true
9 verbose lifecycle @~start: PATH: /Users/GregDriza/.nvm/versions/node/v6.11.2/lib/node_modules/npm/bin/node-gyp-bin:/Users/GregDriza/Documents/Independent/GregOnTheWeb/node_modules/.bin:/Users/GregDriza/.nvm/versions/node/v6.11.2/bin:/Users/GregDriza/.rvm/gems/ruby-2.3.3/bin:/Users/GregDriza/.rvm/gems/ruby-2.3.3@global/bin:/Users/GregDriza/.rvm/rubies/ruby-2.3.3/bin:/Applications/Postgres.app/Contents/Versions/latest/bin:/usr/local:/usr/local/bin:/usr/local/sbin:/usr/bin:/usr/local/bin:/usr/bin:/bin:/usr/sbin:/sbin:/Library/Frameworks/Mono.framework/Versions/Current/Commands:/usr/local/share/android-sdk/tools:/usr/local/share/android-sdk/tools/bin:/usr/local/share/android-sdk/platform-tools:/Users/GregDriza/.rvm/bin
10 verbose lifecycle @~start: CWD: /Users/GregDriza/Documents/Independent/GregOnTheWeb
11 silly lifecycle @~start: Args: [ '-c', 'next start -p $PORT' ]
12 silly lifecycle @~start: Returned: code: 1  signal: null
13 info lifecycle @~start: Failed to exec start script
14 verbose stack Error: @ start: `next start -p $PORT`
14 verbose stack Exit status 1
14 verbose stack     at EventEmitter.<anonymous> (/Users/GregDriza/.nvm/versions/node/v6.11.2/lib/node_modules/npm/lib/utils/lifecycle.js:255:16)
14 verbose stack     at emitTwo (events.js:106:13)
14 verbose stack     at EventEmitter.emit (events.js:191:7)
14 verbose stack     at ChildProcess.<anonymous> (/Users/GregDriza/.nvm/versions/node/v6.11.2/lib/node_modules/npm/lib/utils/spawn.js:40:14)
14 verbose stack     at emitTwo (events.js:106:13)
14 verbose stack     at ChildProcess.emit (events.js:191:7)
14 verbose stack     at maybeClose (internal/child_process.js:891:16)
14 verbose stack     at Process.ChildProcess._handle.onexit (internal/child_process.js:226:5)
15 verbose pkgid @
16 verbose cwd /Users/GregDriza/Documents/Independent/GregOnTheWeb/pages
17 error Darwin 17.4.0
18 error argv "/Users/GregDriza/.nvm/versions/node/v6.11.2/bin/node" "/Users/GregDriza/.nvm/versions/node/v6.11.2/bin/npm" "start"
19 error node v6.11.2
20 error npm  v3.10.10
21 error code ELIFECYCLE
22 error @ start: `next start -p $PORT`
22 error Exit status 1
23 error Failed at the @ start script 'next start -p $PORT'.
23 error Make sure you have the latest version of node.js and npm installed.
23 error If you do, this is most likely a problem with the  package,
23 error not with npm itself.
23 error Tell the author that this fails on your system:
23 error     next start -p $PORT
23 error You can get information on how to open an issue for this project with:
23 error     npm bugs
23 error Or if that isn't available, you can get their info via:
23 error     npm owner ls
23 error There is likely additional logging output above.
24 verbose exit [ 1, true ]
